17:54:38.871 [main] INFO  testCases.Tc_002_LoginTest1 - ******Start of the Login Test******
17:54:38.897 [main] INFO  testCases.Tc_002_LoginTest1 - Click in login
17:54:41.969 [main] INFO  testCases.Tc_002_LoginTest1 - Login process....
17:55:17.131 [main] INFO  testCases.TC_003_LogiDataDriven - ***Start of login verif****
17:55:17.133 [main] INFO  testCases.TC_003_LogiDataDriven - Click in login
17:55:18.498 [main] INFO  testCases.TC_003_LogiDataDriven - Login process....
17:55:30.581 [main] INFO  testCases.TC_003_LogiDataDriven - ***Start of login verif****
17:55:30.582 [main] INFO  testCases.TC_003_LogiDataDriven - Click in login
17:55:33.333 [main] INFO  testCases.TC_003_LogiDataDriven - Login process....
17:55:47.576 [main] INFO  testCases.TC_003_LogiDataDriven - ***Finished datadriven test cases***
17:55:47.584 [main] INFO  testCases.TC_003_LogiDataDriven - ***Start of login verif****
17:55:47.585 [main] INFO  testCases.TC_003_LogiDataDriven - Click in login
17:55:50.290 [main] INFO  testCases.TC_003_LogiDataDriven - Login process....
17:56:02.842 [main] INFO  testCases.TC_003_LogiDataDriven - ***Finished datadriven test cases***
17:56:02.851 [main] INFO  testCases.TC_003_LogiDataDriven - ***Start of login verif****
17:56:02.852 [main] INFO  testCases.TC_003_LogiDataDriven - Click in login
17:56:04.511 [main] INFO  testCases.TC_003_LogiDataDriven - Login process....
17:56:16.695 [main] INFO  testCases.TC_003_LogiDataDriven - ***Finished datadriven test cases***
17:56:16.705 [main] INFO  testCases.TC_003_LogiDataDriven - ***Start of login verif****
17:56:16.706 [main] INFO  testCases.TC_003_LogiDataDriven - Click in login
17:56:18.098 [main] INFO  testCases.TC_003_LogiDataDriven - Login process....
00:23:42.122 [main] INFO  testCases.TC_001_AccountRegistrat1 - ****Start of Account Registration***
00:23:42.199 [main] INFO  testCases.TC_001_AccountRegistrat1 - Click on Registration Page
00:23:43.757 [main] INFO  testCases.TC_001_AccountRegistrat1 - Account registration Processes
00:24:09.230 [main] INFO  testCases.TC_003_LogiDataDriven - ***Start of login verif****
00:24:09.231 [main] INFO  testCases.TC_003_LogiDataDriven - Click in login
00:24:10.625 [main] INFO  testCases.TC_003_LogiDataDriven - Login process....
00:24:21.984 [main] INFO  testCases.TC_003_LogiDataDriven - ***Start of login verif****
00:24:21.984 [main] INFO  testCases.TC_003_LogiDataDriven - Click in login
00:24:22.580 [main] INFO  testCases.TC_003_LogiDataDriven - Login process....
00:24:33.584 [main] INFO  testCases.TC_003_LogiDataDriven - ***Finished datadriven test cases***
00:24:33.589 [main] INFO  testCases.TC_003_LogiDataDriven - ***Start of login verif****
00:24:33.589 [main] INFO  testCases.TC_003_LogiDataDriven - Click in login
00:24:34.235 [main] INFO  testCases.TC_003_LogiDataDriven - Login process....
00:24:45.346 [main] INFO  testCases.TC_003_LogiDataDriven - ***Finished datadriven test cases***
00:24:45.353 [main] INFO  testCases.TC_003_LogiDataDriven - ***Start of login verif****
00:24:45.354 [main] INFO  testCases.TC_003_LogiDataDriven - Click in login
00:24:45.991 [main] INFO  testCases.TC_003_LogiDataDriven - Login process....
00:25:02.189 [main] INFO  testCases.TC_003_LogiDataDriven - ***Finished datadriven test cases***
00:25:02.194 [main] INFO  testCases.TC_003_LogiDataDriven - ***Start of login verif****
00:25:02.194 [main] INFO  testCases.TC_003_LogiDataDriven - Click in login
00:25:03.051 [main] INFO  testCases.TC_003_LogiDataDriven - Login process....
11:31:53.849 [main] INFO  testCases.TC_001_AccountRegistrat1 - ****Start of Account Registration***
11:31:53.925 [main] INFO  testCases.TC_001_AccountRegistrat1 - Click on Registration Page
11:31:55.411 [main] INFO  testCases.TC_001_AccountRegistrat1 - Account registration Processes
11:32:21.678 [main] INFO  testCases.Tc_002_LoginTest1 - ******Start of the Login Test******
11:32:21.678 [main] INFO  testCases.Tc_002_LoginTest1 - Click in login
11:32:22.386 [main] INFO  testCases.Tc_002_LoginTest1 - Login process....
11:32:51.560 [main] INFO  testCases.TC_003_LogiDataDriven - ***Start of login verif****
11:32:51.562 [main] INFO  testCases.TC_003_LogiDataDriven - Click in login
11:32:53.130 [main] INFO  testCases.TC_003_LogiDataDriven - Login process....
11:33:04.697 [main] INFO  testCases.TC_003_LogiDataDriven - ***Start of login verif****
11:33:04.698 [main] INFO  testCases.TC_003_LogiDataDriven - Click in login
11:33:05.410 [main] INFO  testCases.TC_003_LogiDataDriven - Login process....
11:33:16.667 [main] INFO  testCases.TC_003_LogiDataDriven - ***Finished datadriven test cases***
11:33:16.672 [main] INFO  testCases.TC_003_LogiDataDriven - ***Start of login verif****
11:33:16.673 [main] INFO  testCases.TC_003_LogiDataDriven - Click in login
11:33:17.231 [main] INFO  testCases.TC_003_LogiDataDriven - Login process....
11:33:28.302 [main] INFO  testCases.TC_003_LogiDataDriven - ***Finished datadriven test cases***
